[15:19:20] [Render thread/INFO] [JMLogger] JourneyMap log initialized.
[15:19:20] [Render thread/INFO] [JourneymapClient] initialize ENTER
[15:19:20] [Render thread/INFO] [?] Version: JourneyMap 1.16.5-5.7.1, built with Forge 1.16.5-36.0.42
Forge: 36.1.2
Environment: os.name, os.arch, java.version, user.country, user.language=null, game language=en_us, locale=en_us
Features: 
	RadarPlayers : singleplayer = true , multiplayer = true
	RadarAnimals : singleplayer = true , multiplayer = true
	RadarMobs : singleplayer = true , multiplayer = true
	RadarVillagers : singleplayer = true , multiplayer = true
	MapTopo : singleplayer = true , multiplayer = true
	MapSurface : singleplayer = true , multiplayer = true
	MapCaves : singleplayer = true , multiplayer = true
MiniMapProperties{state=Valid, file=journeymap.minimap.config, configVersion=5.7.1, zoomLevel=0, showPlayers=true, frameAlpha=100, compassFontScale=1, terrainAlpha=100, showEntityNames=true, enabled=true, showPlayerHeading=true, showVillagers=true, info2Label=jm.theme.labelsource.gametime, sizePercent=30, showDayNight=true, info3Label=jm.theme.labelsource.location, showMobs=true, showPets=true, preferredMapType=night, showCompass=true, mobDisplay=jm.common.entity_display.small_dots, showReticle=true, orientation=jm.minimap.orientation.north, systemTimeRealFormat=HH:mm:ss, shape=jm.minimap.shape_circle, showSelf=true, info4Label=jm.theme.labelsource.biome, locationFormat=xzyv, playerDisplay=jm.common.entity_display.small_dots, showGrid=true, reticleOrientation=jm.minimap.orientation.compass, gameTimeRealFormat=HH:mm:ss, showWaypoints=true, showCaves=true, showAnimals=true, showMobHeading=true, showWaypointLabels=true, locationFormatVerbose=true, position=jm.minimap.position_topleft, info1Label=jm.theme.labelsource.blank, fontScale=1}
MiniMapProperties{state=Valid, file=journeymap.minimap2.config, configVersion=5.7.1, zoomLevel=0, showPlayers=true, frameAlpha=100, compassFontScale=1, terrainAlpha=100, showEntityNames=true, enabled=true, showPlayerHeading=true, showVillagers=true, info2Label=jm.theme.labelsource.gametime, sizePercent=30, showDayNight=true, info3Label=jm.theme.labelsource.location, showMobs=true, showPets=true, preferredMapType=night, showCompass=true, mobDisplay=jm.common.entity_display.small_dots, showReticle=true, orientation=jm.minimap.orientation.north, systemTimeRealFormat=HH:mm:ss, shape=jm.minimap.shape_rectangle, showSelf=true, info4Label=jm.theme.labelsource.biome, locationFormat=xzyv, playerDisplay=jm.common.entity_display.small_dots, showGrid=true, reticleOrientation=jm.minimap.orientation.compass, gameTimeRealFormat=HH:mm:ss, showWaypoints=true, showCaves=true, showAnimals=true, showMobHeading=true, showWaypointLabels=true, locationFormatVerbose=true, position=jm.minimap.position_topright, info1Label=jm.theme.labelsource.blank, fontScale=1}
FullMapProperties{state=Valid, file=journeymap.fullmap.config, configVersion=5.7.1, mobDisplay=jm.common.entity_display.small_dots, zoomLevel=3, showPlayers=true, showSelf=true, locationFormat=xzyv, playerDisplay=jm.common.entity_display.small_dots, showGrid=true, showEntityNames=true, showPlayerHeading=true, showVillagers=true, showWaypoints=true, showCaves=true, showAnimals=true, showMobHeading=true, showKeys=true, showWaypointLabels=true, locationFormatVerbose=true, showMobs=true, showPets=true, fontScale=1, preferredMapType=day}
WaypointProperties{state=Valid, file=journeymap.waypoint.config, configVersion=5.7.1, autoRemoveDeathpointDistance=2, createDeathpoints=true, showName=true, dateFormat=MM-dd-yyyy, autoRemoveDeathpoints=false, maxDistance=0, autoHideLabel=true, teleportCommand=/tp {name} {x} {y} {z}, showStaticBeam=true, fullscreenDoubleClickToCreate=true, minDistance=4, timeFormat=HH:mm:ss, boldLabel=false, textureSmall=true, showDeathpointlabel=true, showDistance=true, showRotatingBeam=true, fontScale=2, showTexture=true, managerEnabled=true, beaconEnabled=true}
WebMapProperties{state=Valid, file=journeymap.webmap.config, configVersion=5.7.1, zoomLevel=0, showWaypoints=true, showCaves=true, showSelf=true, port=8080, showGrid=true, showEntityNames=true, enabled=false, preferredMapType=day}
CoreProperties{state=Valid, file=journeymap.core.config, configVersion=5.7.1, verboseColorPalette=false, maxPlayersData=32, mapSurfaceAboveCaves=true, optionsManagerViewed=5.7.1, announceMod=true, colorPassive=#bbbbbb, renderOverlayEventTypeName=ALL, mapBlendWater=false, renderDistanceSurfaceMax=6, radarVerticalDistance=16, mapBlendGrass=true, recordCacheStats=false, hideSneakingEntities=true, revealShape=jm.minimap.shape_circle, alwaysMapSurface=false, colorVillager=#88e188, mapPlants=false, colorPet=#0077ff, radarLateralDistance=64, mapBathymetry=false, mapCrops=true, maxMobsData=32, mapPlantShadows=false, alwaysMapCaves=false, checkUpdates=true, browserPoll=2000, mapBlendFoliage=true, mappingEnabled=true, colorPlayer=#ffffff, tileHighDisplayQuality=true, cacheVillagersData=2200, logLevel=INFO, maxVillagersData=32, maxAnimalsData=32, mapTransparency=true, tileRenderType=1, caveIgnoreGlass=true, mapTopography=true, renderDistanceCaveMax=3, mapAntialiasing=true, colorSelf=#0000ff, cachePlayersData=2000, cacheMobsData=3000, cachePlayerData=1000, splashViewed=5.7.1, colorHostile=#ff0000, cacheAnimalsData=3100, themeName=OceanMonument, mapCaveLighting=true, renderDelay=2, renderOverlayPreEvent=true, autoMapPoll=2000}
[15:19:20] [Render thread/INFO] [ClientAPI] [ClientAPI] built with JourneyMap API 1.6-SNAPSHOT
[15:19:20] [Render thread/INFO] [PluginHelper] Initializing plugins with Client API: journeymap.client.api.impl.ClientAPI
[15:19:20] [Render thread/INFO] [JourneymapClient] initialize EXIT, elapsed count 0 avg ?ms
[15:19:21] [Render thread/ERROR] [FileHandler] Couldn't locate icons for Default: C:\Users\ben52\Twitch\Minecraft\Instances\Descent%20unto%20Asmodia\mods\journeymap-1.16.5-5.7.1.jar\assets\journeymap\icon\entity
[15:19:21] [Render thread/INFO] [IconSetFileHandler] Added entity icons from journeymap:icon/entity. Success: false
[15:19:21] [Render thread/ERROR] [FileHandler] Couldn't locate icons for flat: C:\Users\ben52\Twitch\Minecraft\Instances\Descent%20unto%20Asmodia\mods\journeymap-1.16.5-5.7.1.jar\assets\journeymap\theme\flat
[15:19:21] [Render thread/INFO] [ThemeLoader] Preloaded theme textures: 0
[15:19:21] [JM-VersionCheck-1/WARN] [VersionCheck$1] No versions found online for 1.16.5
[15:21:50] [Server thread/INFO] [ForgeConfig] Loading JourneyMap Forge Configs
[15:22:50] [Render thread/INFO] [ModBlockDelegate] Custom modded block handling enabled for biomesoplenty
[15:22:50] [Render thread/INFO] [WaypointStore] Loaded 0 waypoints from C:\Users\ben52\Twitch\Minecraft\Instances\Descent unto Asmodia\journeymap\data\sp\New World ~1~\waypoints
[15:22:50] [Render thread/INFO] [JourneymapClient] Mapping started in C:\Users\ben52\Twitch\Minecraft\Instances\Descent unto Asmodia\journeymap\data\sp\New World ~1~\overworld. Memory: 4990MB total, 2010MB free 
[15:23:04] [Render thread/INFO] [ChatLog] 
[16:33:33] [Render thread/INFO] [StatTimer] TileDrawStep.updateRegionTexture hit max count, 1000000
[16:33:43] [Render thread/INFO] [StatTimer] TileDrawStep.draw(low) hit max count, 1000000
[17:07:44] [Render thread/INFO] [JourneymapClient] Mapping halted in C:\Users\ben52\Twitch\Minecraft\Instances\Descent unto Asmodia\journeymap\data\sp\New World ~1~\minecraft:the_nether
[17:07:45] [Render thread/INFO] [WaypointStore] Loaded 0 waypoints from C:\Users\ben52\Twitch\Minecraft\Instances\Descent unto Asmodia\journeymap\data\sp\New World ~1~\waypoints
[17:07:45] [Render thread/INFO] [JourneymapClient] Mapping started in C:\Users\ben52\Twitch\Minecraft\Instances\Descent unto Asmodia\journeymap\data\sp\New World ~1~\the_nether. Memory: 6222MB total, 2159MB free 
[20:48:00] [Render thread/INFO] [JourneymapClient] Mapping halted in C:\Users\ben52\Twitch\Minecraft\Instances\Descent unto Asmodia\journeymap\data\sp\New World ~1~\minecraft:overworld
[20:48:01] [Render thread/INFO] [WaypointStore] Loaded 0 waypoints from C:\Users\ben52\Twitch\Minecraft\Instances\Descent unto Asmodia\journeymap\data\sp\New World ~1~\waypoints
[20:48:01] [Render thread/INFO] [JourneymapClient] Mapping started in C:\Users\ben52\Twitch\Minecraft\Instances\Descent unto Asmodia\journeymap\data\sp\New World ~1~\overworld. Memory: 6565MB total, 4091MB free 
[13:54:54] [Render thread/INFO] [JourneymapClient] Mapping halted in C:\Users\ben52\Twitch\Minecraft\Instances\Descent unto Asmodia\journeymap\data\mp\offline\minecraft:overworld
